2026-07-15 13:25:22,462 - test_ammeter_framework - INFO - Starting test run f1bd074b-1cfe-43d5-abbf-fc1db89d8383 for ammeter 'greenlee'
2026-07-15 13:25:22,464 - test_ammeter_framework - DEBUG - [greenlee] sample 1/10: 0.05962970730497697 A
2026-07-15 13:25:23,469 - test_ammeter_framework - DEBUG - [greenlee] sample 2/10: 0.4059947634408504 A
2026-07-15 13:25:24,472 - test_ammeter_framework - DEBUG - [greenlee] sample 3/10: 0.4700981730313224 A
2026-07-15 13:25:25,477 - test_ammeter_framework - DEBUG - [greenlee] sample 4/10: 0.12579377789772916 A
2026-07-15 13:25:26,484 - test_ammeter_framework - DEBUG - [greenlee] sample 5/10: 0.21260819093542568 A
2026-07-15 13:25:27,489 - test_ammeter_framework - DEBUG - [greenlee] sample 6/10: 0.21387906489927508 A
2026-07-15 13:25:28,492 - test_ammeter_framework - DEBUG - [greenlee] sample 7/10: 0.14203591785748249 A
2026-07-15 13:25:29,497 - test_ammeter_framework - DEBUG - [greenlee] sample 8/10: 0.03724314140928801 A
2026-07-15 13:25:30,499 - test_ammeter_framework - DEBUG - [greenlee] sample 9/10: 0.11105762237739686 A
2026-07-15 13:25:31,502 - test_ammeter_framework - DEBUG - [greenlee] sample 10/10: 0.11099849575446523 A
2026-07-15 13:25:32,470 - test_ammeter_framework - INFO - Saved plot: results\plots\greenlee_f1bd074b_line.png
2026-07-15 13:25:32,471 - test_ammeter_framework - INFO - Saved plot: results\plots\greenlee_f1bd074b_histogram.png
2026-07-15 13:25:32,472 - test_ammeter_framework - INFO - Archived result to results/runs\20260715_132532_greenlee_f1bd074b.json
2026-07-15 13:25:32,473 - test_ammeter_framework - INFO - Finished test run f1bd074b-1cfe-43d5-abbf-fc1db89d8383 for 'greenlee': 10/10 successful
2026-07-15 13:25:32,474 - test_ammeter_framework - INFO - Starting test run 35d33ce5-13b4-4d9f-b5ed-0e5ac38bae9d for ammeter 'greenlee'
2026-07-15 13:25:32,485 - test_ammeter_framework - DEBUG - [greenlee] sample 1/10: 0.034160651814170995 A
2026-07-15 13:25:33,493 - test_ammeter_framework - DEBUG - [greenlee] sample 2/10: 0.08366434525855267 A
2026-07-15 13:25:34,501 - test_ammeter_framework - DEBUG - [greenlee] sample 3/10: 0.7595069374557674 A
2026-07-15 13:25:35,504 - test_ammeter_framework - DEBUG - [greenlee] sample 4/10: 0.23176491912469357 A
2026-07-15 13:25:36,508 - test_ammeter_framework - DEBUG - [greenlee] sample 5/10: 0.512860281476462 A
2026-07-15 13:25:37,510 - test_ammeter_framework - DEBUG - [greenlee] sample 6/10: 0.11954153799485215 A
2026-07-15 13:25:38,525 - test_ammeter_framework - DEBUG - [greenlee] sample 7/10: 0.07927971998457722 A
2026-07-15 13:25:39,528 - test_ammeter_framework - DEBUG - [greenlee] sample 8/10: 0.09456300423592011 A
2026-07-15 13:25:40,532 - test_ammeter_framework - DEBUG - [greenlee] sample 9/10: 0.04612091688159261 A
2026-07-15 13:25:41,561 - test_ammeter_framework - DEBUG - [greenlee] sample 10/10: 0.053378496681742146 A
2026-07-15 13:25:42,087 - test_ammeter_framework - INFO - Saved plot: results\plots\greenlee_35d33ce5_line.png
2026-07-15 13:25:42,087 - test_ammeter_framework - INFO - Saved plot: results\plots\greenlee_35d33ce5_histogram.png
2026-07-15 13:25:42,088 - test_ammeter_framework - INFO - Archived result to results/runs\20260715_132542_greenlee_35d33ce5.json
2026-07-15 13:25:42,088 - test_ammeter_framework - INFO - Finished test run 35d33ce5-13b4-4d9f-b5ed-0e5ac38bae9d for 'greenlee': 10/10 successful
2026-07-15 13:25:42,089 - test_ammeter_framework - INFO - Starting test run 9df05c19-297d-488b-ba8a-60419299678a for ammeter 'entes'
2026-07-15 13:25:42,090 - test_ammeter_framework - DEBUG - [entes] sample 1/10: 26.89634313321978 A
2026-07-15 13:25:43,095 - test_ammeter_framework - DEBUG - [entes] sample 2/10: 27.793815633594935 A
2026-07-15 13:25:44,121 - test_ammeter_framework - DEBUG - [entes] sample 3/10: 32.29946004990573 A
2026-07-15 13:25:45,128 - test_ammeter_framework - DEBUG - [entes] sample 4/10: 36.742644943236726 A
2026-07-15 13:25:46,134 - test_ammeter_framework - DEBUG - [entes] sample 5/10: 78.9880462125415 A
2026-07-15 13:25:47,136 - test_ammeter_framework - DEBUG - [entes] sample 6/10: 182.31606899330163 A
2026-07-15 13:25:48,139 - test_ammeter_framework - DEBUG - [entes] sample 7/10: 70.98369971822908 A
2026-07-15 13:25:49,143 - test_ammeter_framework - DEBUG - [entes] sample 8/10: 51.838925316836985 A
2026-07-15 13:25:50,149 - test_ammeter_framework - DEBUG - [entes] sample 9/10: 77.64624448779797 A
2026-07-15 13:25:51,152 - test_ammeter_framework - DEBUG - [entes] sample 10/10: 101.66151787004132 A
2026-07-15 13:25:51,779 - test_ammeter_framework - INFO - Saved plot: results\plots\entes_9df05c19_line.png
2026-07-15 13:25:51,779 - test_ammeter_framework - INFO - Saved plot: results\plots\entes_9df05c19_histogram.png
2026-07-15 13:25:51,781 - test_ammeter_framework - INFO - Archived result to results/runs\20260715_132551_entes_9df05c19.json
2026-07-15 13:25:51,781 - test_ammeter_framework - INFO - Finished test run 9df05c19-297d-488b-ba8a-60419299678a for 'entes': 10/10 successful
2026-07-15 13:25:51,781 - test_ammeter_framework - INFO - Starting test run 068a5d97-6f5f-424a-9e93-cf8480c520ca for ammeter 'circutor'
2026-07-15 13:25:51,784 - test_ammeter_framework - DEBUG - [circutor] sample 1/10: 0.03790172201605142 A
2026-07-15 13:25:52,788 - test_ammeter_framework - DEBUG - [circutor] sample 2/10: 0.007136947990762839 A
2026-07-15 13:25:53,792 - test_ammeter_framework - DEBUG - [circutor] sample 3/10: 0.04158402940514458 A
2026-07-15 13:25:54,794 - test_ammeter_framework - DEBUG - [circutor] sample 4/10: 0.03618676762850638 A
2026-07-15 13:25:55,796 - test_ammeter_framework - DEBUG - [circutor] sample 5/10: 0.03730971655090408 A
2026-07-15 13:25:56,803 - test_ammeter_framework - DEBUG - [circutor] sample 6/10: 0.0249473626215916 A
2026-07-15 13:25:57,807 - test_ammeter_framework - DEBUG - [circutor] sample 7/10: 0.022640477841711346 A
2026-07-15 13:25:58,811 - test_ammeter_framework - DEBUG - [circutor] sample 8/10: 0.034803279224432986 A
2026-07-15 13:25:59,816 - test_ammeter_framework - DEBUG - [circutor] sample 9/10: 0.02404640278500583 A
2026-07-15 13:26:00,819 - test_ammeter_framework - DEBUG - [circutor] sample 10/10: 0.010759682969060255 A
2026-07-15 13:26:01,239 - test_ammeter_framework - INFO - Saved plot: results\plots\circutor_068a5d97_line.png
2026-07-15 13:26:01,240 - test_ammeter_framework - INFO - Saved plot: results\plots\circutor_068a5d97_histogram.png
2026-07-15 13:26:01,242 - test_ammeter_framework - INFO - Archived result to results/runs\20260715_132601_circutor_068a5d97.json
2026-07-15 13:26:01,242 - test_ammeter_framework - INFO - Finished test run 068a5d97-6f5f-424a-9e93-cf8480c520ca for 'circutor': 10/10 successful
2026-07-15 13:26:01,737 - test_ammeter_framework - INFO - Saved comparison plot: results\plots\comparison_fdf5c524_bar.png
2026-07-15 13:26:01,738 - test_ammeter_framework - INFO - Archived result to results/runs\20260715_132601_comparison_fdf5c524.json
